make.exe all --print-data-base --no-builtin-variables --no-builtin-rules --question
# GNU Make 4.3
# Built for x86_64-pc-msys
# Copyright (C) 1988-2020 Free Software Foundation, Inc.
# License GPLv3+: GNU GPL version 3 or later <http://gnu.org/licenses/gpl.html>
# This is free software: you are free to change and redistribute it.
# There is NO WARRANTY, to the extent permitted by law.

# Make data base, printed on Sun Jun 19 19:00:17 2022

# Variables

# environment
SYSTEMDRIVE = C:
# environment
JAVA_HOME = C:\Program Files\Java\jdk1.8.0_311
# environment
LC_ALL = C
# environment
USERPROFILE = C:\Users\cardy
# environment
LOCALAPPDATA = C:\Users\cardy\AppData\Local
# environment
VSCODE_IPC_HOOK_EXTHOST = \\.\pipe\vscode-ipc-eadade40-81aa-46dc-ab59-530f01542f74-sock
# environment
VSCODE_CWD = C:\Users\cardy\AppData\Local\Programs\Microsoft VS Code
# environment
SYSTEMROOT = C:\WINDOWS
# environment
PROCESSOR_LEVEL = 6
# environment
PSMODULEPATH = C:\Program Files\WindowsPowerShell\Modules;C:\WINDOWS\system32\WindowsPowerShell\v1.0\Modules
# default
MAKE_COMMAND := make
# automatic
@D = $(patsubst %/,%,$(dir $@))
# environment
CHROME_CRASHPAD_PIPE_NAME = \\.\pipe\crashpad_20340_QQPWENEYVFOSHVUX
# environment
VSCODE_HANDLES_UNCAUGHT_ERRORS = true
# default
.VARIABLES := 
# automatic
%D = $(patsubst %/,%,$(dir $%))
# automatic
^D = $(patsubst %/,%,$(dir $^))
# environment
VSCODE_LOG_STACK = false
# automatic
%F = $(notdir $%)
# environment
VSCODE_CODE_CACHE_PATH = C:\Users\cardy\AppData\Roaming\Code\CachedData\30d9c6cd9483b2cc586687151bcbcd635f373630
# environment
LANG = C
# default
.LOADED := 
# environment
TMP = /c/Users/cardy/AppData/Local/Temp
# default
.INCLUDE_DIRS = /usr/include /usr/include
# makefile
MAKEFLAGS = pqrR
# environment
ONEDRIVE = C:\Users\cardy\OneDrive
# environment
INTELLIJ IDEA COMMUNITY EDITION = C:\Program Files\JetBrains\IntelliJ IDEA Community Edition 2021.3.2\bin;
# environment
ALPHAVANTAGE_API_KEY = 9CIA16BET9BTB3ZJ
# environment
POWERSHELL_DISTRIBUTION_CHANNEL = MSI:Windows 10 Home
# makefile
CURDIR := /c/Users/cardy/OneDrive/Documents/thinking-in-c/code/Chap5
# environment
VSCODE_PIPE_LOGGING = true
# environment
APPLICATION_INSIGHTS_NO_DIAGNOSTIC_CHANNEL = 1
# automatic
*D = $(patsubst %/,%,$(dir $*))
# environment
PROGRAMFILES = C:\Program Files
# environment
MFLAGS = -pqrR
# default
.SHELLFLAGS := -c
# environment
!C: = c:\Users\cardy\OneDrive\Documents\thinking-in-c\code\Chap5
# environment
COMMONPROGRAMW6432 = C:\Program Files\Common Files
# automatic
+D = $(patsubst %/,%,$(dir $+))
# makefile (from 'Makefile', line 1)
MAKEFILE_LIST := Makefile
# automatic
@F = $(notdir $@)
# environment
VSCODE_VERBOSE_LOGGING = true
# environment
VSCODE_PID = 20340
# automatic
?D = $(patsubst %/,%,$(dir $?))
# automatic
*F = $(notdir $*)
# automatic
<D = $(patsubst %/,%,$(dir $<))
# environment
VSCODE_NLS_CONFIG = {"locale":"en-us","availableLanguages":{},"_languagePackSupport":true}
# environment
ONEDRIVECONSUMER = C:\Users\cardy\OneDrive
# default
MAKE_HOST := x86_64-pc-msys
# environment
PROGRAMDATA = C:\ProgramData
# default
SHELL := /bin/sh
# environment
HOMEPATH = \Users\cardy
# default
MAKECMDGOALS := all
# environment
DRIVERDATA = C:\Windows\System32\Drivers\DriverData
# environment
COMSPEC = C:\WINDOWS\system32\cmd.exe
# environment
WINDIR = C:\WINDOWS
# environment
MAKELEVEL := 0
# default
MAKE = $(MAKE_COMMAND)
# environment
PATH = /c/Program Files (x86)/Common Files/Oracle/Java/javapath:/c/WINDOWS/system32:/c/WINDOWS:/c/WINDOWS/System32/Wbem:/c/WINDOWS/System32/WindowsPowerShell/v1.0:/c/WINDOWS/System32/OpenSSH:/c/Users/cardy/miniconda3:/c/Users/cardy/miniconda3/Scripts:/c/Program Files/nodejs:/c/Program Files/Git/cmd:/c/Program Files/Docker/Docker/resources/bin:/c/ProgramData/DockerDesktop/version-bin:/c/Program Files/Java/jdk1.8.0_311/bin:/c/Program Files/Java/scripts:/c/Program Files/PowerShell/7:/c/Program Files/PuTTY:/c/Users/cardy/AppData/Local/Microsoft/WindowsApps:/c/Users/cardy/AppData/Local/Programs/MiKTeX/miktex/bin/x64:/c/Users/cardy/AppData/Local/Programs/Microsoft VS Code/bin:/c/Python310:/c/Python310/Scripts:/c/Program Files/JetBrains/IntelliJ IDEA Community Edition 2021.3.2/bin:/c/Users/cardy/AppData/Roaming/npm:/usr/bin:/mingw64/bin
# environment
COMPUTERNAME = MOTENPC
# environment
RTOOLS42_HOME = C:\rtools42
# default
MAKEFILES := 
# automatic
^F = $(notdir $^)
# environment
PROMPT = $P$G
# environment
LOGONSERVER = \\MOTENPC
# environment
VSCODE_LOG_NATIVE = false
# environment
USERNAME = cardy
# environment
COMMONPROGRAMFILES = C:\Program Files\Common Files
# automatic
?F = $(notdir $?)
# environment
PROGRAMW6432 = C:\Program Files
# environment
PATHEXT = .COM;.EXE;.BAT;.CMD;.VBS;.VBE;.JS;.JSE;.WSF;.WSH;.MSC
# automatic
+F = $(notdir $+)
# environment
ORIGINAL_XDG_CURRENT_DESKTOP = undefined
# environment
USERDOMAIN = MOTENPC
# 'override' directive
GNUMAKEFLAGS := 
# environment
OS = Windows_NT
# makefile
.DEFAULT_GOAL := all
# default
MAKE_VERSION := 4.3
# environment
PROGRAMFILES(X86) = C:\Program Files (x86)
# environment
USERDOMAIN_ROAMINGPROFILE = MOTENPC
# environment
NUMBER_OF_PROCESSORS = 12
# environment
PUBLIC = C:\Users\Public
# environment
APPDATA = C:\Users\cardy\AppData\Roaming
# environment
HOMEDRIVE = C:
# environment
PROCESSOR_ARCHITECTURE = AMD64
# environment
RTOOLS40_HOME = C:\RBuildTools\4.0
# environment
VSCODE_AMD_ENTRYPOINT = vs/workbench/api/node/extensionHostProcess
# environment
HOME = /home/cardy
# environment
COMMONPROGRAMFILES(X86) = C:\Program Files (x86)\Common Files
# environment
ELECTRON_RUN_AS_NODE = 1
# environment
TEMP = /c/Users/cardy/AppData/Local/Temp
# environment
VSCODE_IPC_HOOK = \\.\pipe\ef2e7196a4bcd989ceda384f56994910-1.68.1-main-sock
# environment
TERM = xterm-256color
# default
.RECIPEPREFIX := 
# automatic
<F = $(notdir $<)
# default
SUFFIXES := 
# environment
ALLUSERSPROFILE = C:\ProgramData
# environment
SESSIONNAME = Console
# default
.FEATURES := target-specific order-only second-expansion else-if shortest-stem undefine oneshell nocomment grouped-target extra-prereqs archives jobserver output-sync check-symlink load
# environment
PROCESSOR_REVISION = a503
# makefile (from 'Makefile', line 1)
CC = gcc
# environment
PROCESSOR_IDENTIFIER = Intel64 Family 6 Model 165 Stepping 3, GenuineIntel
# variable set hash-table stats:
# Load=102/1024=10%, Rehash=0, Collisions=12/133=9%

# Pattern-specific Variable Values

# No pattern-specific variable values.

# Directories

# . (device 276832845, inode 1970324838529340): 18 files, no impossibilities.

# 18 files, no impossibilities in 1 directories.

# Implicit Rules

%.o: %.c
#  recipe to execute (from 'Makefile', line 6):
	$(CC) -c $^

# 1 implicit rules, 0 (0.0%) terminal.
# Files

reverse.o: reverse.c
#  Implicit rule search has been done.
#  Implicit/static pattern stem: 'reverse'
#  File does not exist.
#  File has been updated.
#  Needs to be updated (-q is set).
# automatic
# @ := reverse.o
# automatic
# * := reverse
# automatic
# < := reverse.c
# automatic
# + := reverse.c
# automatic
# % := 
# automatic
# ^ := reverse.c
# automatic
# ? := reverse.c
# automatic
# | := 
# variable set hash-table stats:
# Load=8/32=25%, Rehash=0, Collisions=2/13=15%
#  recipe to execute (from 'Makefile', line 6):
	$(CC) -c $^

reverse: reverse.o
#  Implicit rule search has not been done.
#  File does not exist.
#  File has been updated.
#  Needs to be updated (-q is set).
# variable set hash-table stats:
# Load=0/32=0%, Rehash=0, Collisions=0/4=0%
#  recipe to execute (from 'Makefile', line 9):
	$(CC) -o $@ $^ 

# Not a target:
Makefile:
#  Implicit rule search has been done.
#  Last modified 2022-06-19 18:46:21.1062865
#  File has been updated.
#  Successfully updated.

# Not a target:
reverse.c:
#  Implicit rule search has been done.
#  Last modified 1999-01-28 17:19:24
#  File has been updated.
#  Successfully updated.

clean:
#  Implicit rule search has not been done.
#  Modification time never checked.
#  File has not been updated.
#  recipe to execute (from 'Makefile', line 12):
	rm *.o

# Not a target:
.DEFAULT:
#  Implicit rule search has not been done.
#  Modification time never checked.
#  File has not been updated.

all: reverse
#  Command line target.
#  Implicit rule search has been done.
#  File does not exist.
#  File has been updated.
#  Needs to be updated (-q is set).
# variable set hash-table stats:
# Load=0/32=0%, Rehash=0, Collisions=0/4=0%

# files hash-table stats:
# Load=8/1024=1%, Rehash=0, Collisions=0/25=0%
# VPATH Search Paths

# No 'vpath' search paths.

# No general ('VPATH' variable) search path.

# strcache buffers: 1 (0) / strings = 27 / storage = 214 B / avg = 7 B
# current buf: size = 8162 B / used = 214 B / count = 27 / avg = 7 B

# strcache performance: lookups = 39 / hit rate = 30%
# hash-table stats:
# Load=27/8192=0%, Rehash=0, Collisions=0/39=0%
# Finished Make data base on Sun Jun 19 19:00:17 2022

 
